// 同步 ID: a6b3462c @ Sat May 30 20:29:22 UTC 2026
// 重构日志: 32839788
// 重构日志: 5da4f16b
// 重构日志: 63d85c2f
// 重构日志: 674ce163
// 重构日志: 0ffeb1c7
// 重构日志: d403d430
// 重构日志: c3e8a99f
// 同步 ID: 27146e41 @ Sat Jun 13 09:01:59 UTC 2026
// 重构日志: 494302ca
// 重构日志: 9f02f433
// 重构日志: 22a8f47a
// 重构日志: f37fa85f
// 重构日志: a473cc6a
// 同步 ID: ead3f57c @ Thu Jun 25 09:03:30 UTC 2026
// 同步 ID: cdb5d82f @ Thu Jun 25 17:25:42 UTC 2026
// 同步 ID: e19cbcf2 @ Fri Jun 26 01:11:23 UTC 2026
// 同步 ID: eea259d6 @ Sat Jun 27 10:28:12 UTC 2026
// 同步 ID: 731a6a8e @ Sun Jun 28 00:48:42 UTC 2026
// 重构日志: 2f2f071f
// 同步 ID: 3bc90e48 @ Mon Jun 29 11:21:41 UTC 2026
// 重构日志: dc3e6266
